aldsdk/build/outputs/mapping/release/configuration.txt
# The proguard configuration file for the following section is default_proguard_files/global/proguard-android-optimize.txt-7.1.2
# This is a configuration file for ProGuard.
# http://proguard.sourceforge.net/index.html#manual/usage.html
#
# Starting with version 2.2 of the Android plugin for Gradle, this file is distributed together with
# the plugin and unpacked at build-time. The files in $ANDROID_HOME are no longer maintained and
# will be ignored by new version of the Android plugin for Gradle.

# Optimizations: If you don't want to optimize, use the proguard-android.txt configuration file
# instead of this one, which turns off the optimization flags.
# Adding optimization introduces certain risks, since for example not all optimizations performed by
# ProGuard works on all versions of Dalvik.  The following flags turn off various optimizations
# known to have issues, but the list may not be complete or up to date. (The "arithmetic"
# optimization can be used if you are only targeting Android 2.0 or later.)  Make sure you test
# thoroughly if you go this route.
-optimizations !code/simplification/arithmetic,!code/simplification/cast,!field/*,!class/merging/*
-optimizationpasses 5
-allowaccessmodification

-dontusemixedcaseclassnames
-dontskipnonpubliclibraryclasses
-verbose

# Preserve some attributes that may be required for reflection.
-keepattributes AnnotationDefault,
                EnclosingMethod,
                InnerClasses,
                RuntimeVisibleAnnotations,
                RuntimeVisibleParameterAnnotations,
                RuntimeVisibleTypeAnnotations,
                Signature

-keep public class com.google.vending.licensing.ILicensingService
-keep public class com.android.vending.licensing.ILicensingService
-keep public class com.google.android.vending.licensing.ILicensingService
-dontnote com.android.vending.licensing.ILicensingService
-dontnote com.google.vending.licensing.ILicensingService
-dontnote com.google.android.vending.licensing.ILicensingService

# For native methods, see http://proguard.sourceforge.net/manual/examples.html#native
-keepclasseswithmembernames,includedescriptorclasses class * {
    native <methods>;
}

# Keep setters in Views so that animations can still work.
-keepclassmembers public class * extends android.view.View {
    void set*(***);
    *** get*();
}

# We want to keep methods in Activity that could be used in the XML attribute onClick.
-keepclassmembers class * extends android.app.Activity {
    public void *(android.view.View);
}

# For enumeration classes, see http://proguard.sourceforge.net/manual/examples.html#enumerations
-keepclassmembers enum * {
    public static **[] values();
    public static ** valueOf(java.lang.String);
}

-keepclassmembers class * implements android.os.Parcelable {
    public static final ** CREATOR;
}

# Preserve annotated Javascript interface methods.
-keepclassmembers class * {
    @android.webkit.JavascriptInterface <methods>;
}

# The support libraries contains references to newer platform versions.
# Don't warn about those in case this app is linking against an older
# platform version. We know about them, and they are safe.
-dontnote android.support.**
-dontnote androidx.**
-dontwarn android.support.**
-dontwarn androidx.**

# This class is deprecated, but remains for backward compatibility.
-dontwarn android.util.FloatMath

# Understand the @Keep support annotation.
-keep class android.support.annotation.Keep
-keep class androidx.annotation.Keep

-keep @android.support.annotation.Keep class * {*;}
-keep @androidx.annotation.Keep class * {*;}

-keepclasseswithmembers class * {
    @android.support.annotation.Keep <methods>;
}

-keepclasseswithmembers class * {
    @androidx.annotation.Keep <methods>;
}

-keepclasseswithmembers class * {
    @android.support.annotation.Keep <fields>;
}

-keepclasseswithmembers class * {
    @androidx.annotation.Keep <fields>;
}

-keepclasseswithmembers class * {
    @android.support.annotation.Keep <init>(...);
}

-keepclasseswithmembers class * {
    @androidx.annotation.Keep <init>(...);
}

# These classes are duplicated between android.jar and org.apache.http.legacy.jar.
-dontnote org.apache.http.**
-dontnote android.net.http.**

# These classes are duplicated between android.jar and core-lambda-stubs.jar.
-dontnote java.lang.invoke.**

# End of content from default_proguard_files/global/proguard-android-optimize.txt-7.1.2
# The proguard configuration file for the following section is hui/aldsdk/proguard-rules.pro
# Add project specific ProGuard rules here.
# You can control the set of applied configuration files using the
# proguardFiles setting in build.gradle.
#
# For more details, see
#   http://developer.android.com/guide/developing/tools/proguard.html

# If your project uses WebView with JS, uncomment the following
# and specify the fully qualified class name to the JavaScript interface
# class:
#-keepclassmembers class fqcn.of.javascript.interface.for.webview {
#   public *;
#}

# Uncomment this to preserve the line number information for
# debugging stack traces.
#-keepattributes SourceFile,LineNumberTable

# If you keep the line number information, uncomment this to
# hide the original source file name.
#-renamesourcefileattribute SourceFile

-ignorewarnings #是否忽略警告
-optimizationpasses 5 #指定代码的压缩级别(在0~7之间，默认为5)
-dontusemixedcaseclassnames #是否使用大小写混合(windows大小写不敏感，建议加入)
-dontskipnonpubliclibraryclasses #是否混淆非公共的库的类
-dontpreverify #混淆时是否做预校验(Android不需要预校验，去掉可以加快混淆速度)
-dontshrink#混淆jar的时候一定要配置，不然会把没有用到的代码全部remove
-verbose #混淆时是否记录日志(混淆后会生成映射文件)

-keepattributes Signature #过滤泛型 用到发射，泛型等要添加这个
-keepattributes EnclosingMethod #保持反射不被混淆
-keepattributes Exceptions#保持异常不被混淆
-renamesourcefileattribute SourceFile#将文件来源重命名为“SourceFile”字符串

  -keep public class com.aldwx.aldsdk.AldDataAPI{
    <fields>;
    <methods>;
   }


# End of content from hui/aldsdk/proguard-rules.pro
# The proguard configuration file for the following section is aapt_proguard_file/release/aapt_rules.txt
# Generated by the gradle plugin
-keep class androidx.constraintlayout.widget.ConstraintLayout { <init>(...); }
-keep class com.sensorsdata.analytics.android.sdk.data.SensorsDataContentProvider { <init>(...); }
-keep class com.sensorsdata.analytics.android.sdk.visual.view.PairingCodeEditText { <init>(...); }

# End of content from aapt_proguard_file/release/aapt_rules.txt
# The proguard configuration file for the following section is generated_proguard_file/release/proguard.txt

# Add project specific ProGuard rules here.
# You can control the set of applied configuration files using the
# proguardFiles setting in build.gradle.
#
# For more details, see
#   http://developer.android.com/guide/developing/tools/proguard.html

# If your project uses WebView with JS, uncomment the following
# and specify the fully qualified class name to the JavaScript interface
# class:
#-keepclassmembers class fqcn.of.javascript.interface.for.webview {
#   public *;
#}

# Uncomment this to preserve the line number information for
# debugging stack traces.
#-keepattributes SourceFile,LineNumberTable

# If you keep the line number information, uncomment this to
# hide the original source file name.
#-renamesourcefileattribute SourceFile

# Add project specific ProGuard rules here.
# By default, the flags in this file are appended to flags specified
# in /Users/zouyuhan/Documents/android/sdks/android-sdk-macosx/tools/proguard/proguard-android.txt
# You can edit the include path and order by changing the proguardFiles
# directive in build.gradle.
#
# For more details, see
#   http://developer.android.com/guide/developing/tools/proguard.html

# Add any project specific keep options here:

# If your project uses WebView with JS, uncomment the following
# and specify the fully qualified class name to the JavaScript interface
# class:
#-keepclassmembers class fqcn.of.javascript.interface.for.webview {
#   public *;
#}

-dontwarn com.sensorsdata.analytics.android.**
-keep class com.sensorsdata.analytics.android.** {
*;
}
-keep class **.R$* {
    <fields>;
}
-keep public class * extends android.content.ContentProvider
-keepnames class * extends android.view.View

-dontwarn org.json.**
-keep class org.json.**{*;}


# AlertDialog
-keep class android.app.AlertDialog {*;}
-keep class android.support.v7.app.AlertDialog {*;}
-keep class androidx.appcompat.app.AlertDialog {*;}
-keep class * extends android.support.v7.app.AlertDialog {*;}
-keep class * extends androidx.appcompat.app.AlertDialog {*;}
-keep class * extends android.app.AlertDialog {*;}

# Fragment
-keep class android.app.Fragment {*;}
-keep class android.support.v4.app.Fragment {*;}
-keep class androidx.fragment.app.Fragment {*;}
-keepclassmembers class * extends androidx.fragment.app.Fragment {
    public void setUserVisibleHint(boolean);
    public void onViewCreated(android.view.View, android.os.Bundle);
    public void onHiddenChanged(boolean);
    public void onResume();
}
-keepclassmembers class * extends android.app.Fragment {
    public void setUserVisibleHint(boolean);
    public void onViewCreated(android.view.View, android.os.Bundle);
    public void onHiddenChanged(boolean);
    public void onResume();
}
-keepclassmembers class * extends android.support.v4.app.Fragment {
    public void setUserVisibleHint(boolean);
    public void onViewCreated(android.view.View, android.os.Bundle);
    public void onHiddenChanged(boolean);
    public void onResume();
}


# TabLayout
-keep class android.support.design.widget.TabLayout$Tab {*;}
-keep class com.google.android.material.tabs.TabLayout$Tab {*;}
-keep class * extends android.support.design.widget.TabLayout$Tab {*;}
-keep class * extends com.google.android.material.tabs.TabLayout$Tab {*;}


# SwitchCompat
-keep class android.support.v7.widget.SwitchCompat {*;}
-keep class androidx.appcompat.widget.SwitchCompat {*;}
-keep class * extends android.support.v7.widget.SwitchCompat {*;}
-keep class * extends androidx.appcompat.widget.SwitchCompat {*;}

# ContextCompat
-keep class android.support.v4.content.ContextCompat {*;}
-keep class androidx.core.content.ContextCompat {*;}
-keep class * extends android.support.v4.content.ContextCompat {*;}
-keep class * extends androidx.core.content.ContextCompat {*;}

# AppCompatActivity
-keep class android.support.v7.app.AppCompatActivity {
    public android.support.v7.app.ActionBar getSupportActionBar();
}
-keep class androidx.appcompat.app.AppCompatActivity {
    public androidx.appcompat.app.ActionBar getSupportActionBar();
}
-keep class * extends android.support.v7.app.AppCompatActivity {
    public android.support.v7.app.ActionBar getSupportActionBar();
}
-keep class * extends androidx.appcompat.app.AppCompatActivity {
    public androidx.appcompat.app.ActionBar getSupportActionBar();
}

#ActionBar
-keep class android.support.v7.app.ActionBar {*;}
-keep class androidx.appcompat.app.ActionBar {*;}
-keep class * extends android.support.v7.app.ActionBar {*;}
-keep class * extends androidx.appcompat.app.ActionBar {*;}

# Annotation
-keepattributes *Annotation*
-keepattributes *JavascriptInterface*
-keep class android.webkit.JavascriptInterface {*;}

# Add project specific ProGuard rules here.
# You can control the set of applied configuration files using the
# proguardFiles setting in build.gradle.
#
# For more details, see
#   http://developer.android.com/guide/developing/tools/proguard.html

# If your project uses WebView with JS, uncomment the following
# and specify the fully qualified class name to the JavaScript interface
# class:
#-keepclassmembers class fqcn.of.javascript.interface.for.webview {
#   public *;
#}

# Uncomment this to preserve the line number information for
# debugging stack traces.
#-keepattributes SourceFile,LineNumberTable

# If you keep the line number information, uncomment this to
# hide the original source file name.
#-renamesourcefileattribute SourceFile

-dontwarn com.sensorsdata.analytics.android.sdk.advert.**
-keep class com.sensorsdata.analytics.android.sdk.advert.** {
*;
}

# Add project specific ProGuard rules here.
# You can control the set of applied configuration files using the
# proguardFiles setting in build.gradle.
#
# For more details, see
#   http://developer.android.com/guide/developing/tools/proguard.html

# If your project uses WebView with JS, uncomment the following
# and specify the fully qualified class name to the JavaScript interface
# class:
#-keepclassmembers class fqcn.of.javascript.interface.for.webview {
#   public *;
#}

# Uncomment this to preserve the line number information for
# debugging stack traces.
#-keepattributes SourceFile,LineNumberTable

# If you keep the line number information, uncomment this to
# hide the original source file name.
#-renamesourcefileattribute SourceFile

-dontwarn com.sensorsdata.analytics.android.sdk.visual.**
-keep class com.sensorsdata.analytics.android.sdk.visual.** {
*;
}

# End of content from generated_proguard_file/release/proguard.txt
# The proguard configuration file for the following section is transformed/material-1.4.0/proguard.txt
# Copyright (C) 2015 The Android Open Source Project
#
# Licensed under the Apache License, Version 2.0 (the "License");
# you may not use this file except in compliance with the License.
# You may obtain a copy of the License at
#
#      http://www.apache.org/licenses/LICENSE-2.0
#
# Unless required by applicable law or agreed to in writing, software
# distributed under the License is distributed on an "AS IS" BASIS,
# WITHOUT WARRANTIES OR CONDITIONS OF ANY KIND, either express or implied.
# See the License for the specific language governing permissions and
# limitations under the License.

# CoordinatorLayout resolves the behaviors of its child components with reflection.
-keep public class * extends androidx.coordinatorlayout.widget.CoordinatorLayout$Behavior {
    public <init>(android.content.Context, android.util.AttributeSet);
    public <init>();
}

# Make sure we keep annotations for CoordinatorLayout's DefaultBehavior
-keepattributes RuntimeVisible*Annotation*

# Copyright (C) 2018 The Android Open Source Project
#
# Licensed under the Apache License, Version 2.0 (the "License");
# you may not use this file except in compliance with the License.
# You may obtain a copy of the License at
#
#      http://www.apache.org/licenses/LICENSE-2.0
#
# Unless required by applicable law or agreed to in writing, software
# distributed under the License is distributed on an "AS IS" BASIS,
# WITHOUT WARRANTIES OR CONDITIONS OF ANY KIND, either express or implied.
# See the License for the specific language governing permissions and
# limitations under the License.

# AppCompatViewInflater reads the viewInflaterClass theme attribute which then
# reflectively instantiates MaterialComponentsViewInflater using the no-argument
# constructor. We only need to keep this constructor and the class name if
# AppCompatViewInflater is also being kept.
-if class androidx.appcompat.app.AppCompatViewInflater
-keep class com.google.android.material.theme.MaterialComponentsViewInflater {
    <init>();
}


# End of content from transformed/material-1.4.0/proguard.txt
# The proguard configuration file for the following section is transformed/appcompat-1.3.0/proguard.txt
# Copyright (C) 2018 The Android Open Source Project
#
# Licensed under the Apache License, Version 2.0 (the "License");
# you may not use this file except in compliance with the License.
# You may obtain a copy of the License at
#
#      http://www.apache.org/licenses/LICENSE-2.0
#
# Unless required by applicable law or agreed to in writing, software
# distributed under the License is distributed on an "AS IS" BASIS,
# WITHOUT WARRANTIES OR CONDITIONS OF ANY KIND, either express or implied.
# See the License for the specific language governing permissions and
# limitations under the License.

# aapt is not able to read app::actionViewClass and app:actionProviderClass to produce proguard
# keep rules. Add a commonly used SearchView to the keep list until b/109831488 is resolved.
-keep class androidx.appcompat.widget.SearchView { <init>(...); }

# Never inline methods, but allow shrinking and obfuscation.
-keepclassmembernames,allowobfuscation,allowshrinking class androidx.appcompat.widget.AppCompatTextViewAutoSizeHelper$Impl* {
  <methods>;
}

# End of content from transformed/appcompat-1.3.0/proguard.txt
# The proguard configuration file for the following section is transformed/fragment-1.3.4/proguard.txt
# Copyright (C) 2020 The Android Open Source Project
#
# Licensed under the Apache License, Version 2.0 (the "License");
# you may not use this file except in compliance with the License.
# You may obtain a copy of the License at
#
#      http://www.apache.org/licenses/LICENSE-2.0
#
# Unless required by applicable law or agreed to in writing, software
# distributed under the License is distributed on an "AS IS" BASIS,
# WITHOUT WARRANTIES OR CONDITIONS OF ANY KIND, either express or implied.
# See the License for the specific language governing permissions and
# limitations under the License.

# The default FragmentFactory creates Fragment instances using reflection
-if public class ** extends androidx.fragment.app.Fragment
-keepclasseswithmembers,allowobfuscation public class <1> {
    public <init>();
}

# End of content from transformed/fragment-1.3.4/proguard.txt
# The proguard configuration file for the following section is transformed/coordinatorlayout-1.1.0/proguard.txt
# Copyright (C) 2016 The Android Open Source Project
#
# Licensed under the Apache License, Version 2.0 (the "License");
# you may not use this file except in compliance with the License.
# You may obtain a copy of the License at
#
#      http://www.apache.org/licenses/LICENSE-2.0
#
# Unless required by applicable law or agreed to in writing, software
# distributed under the License is distributed on an "AS IS" BASIS,
# WITHOUT WARRANTIES OR CONDITIONS OF ANY KIND, either express or implied.
# See the License for the specific language governing permissions and
# limitations under the License.

# CoordinatorLayout resolves the behaviors of its child components with reflection.
-keep public class * extends androidx.coordinatorlayout.widget.CoordinatorLayout$Behavior {
    public <init>(android.content.Context, android.util.AttributeSet);
    public <init>();
}

# Make sure we keep annotations for CoordinatorLayout's DefaultBehavior and ViewPager's DecorView
-keepattributes *Annotation*

# End of content from transformed/coordinatorlayout-1.1.0/proguard.txt
# The proguard configuration file for the following section is transformed/transition-1.2.0/proguard.txt
# Copyright (C) 2017 The Android Open Source Project
#
# Licensed under the Apache License, Version 2.0 (the "License");
# you may not use this file except in compliance with the License.
# You may obtain a copy of the License at
#
#      http://www.apache.org/licenses/LICENSE-2.0
#
# Unless required by applicable law or agreed to in writing, software
# distributed under the License is distributed on an "AS IS" BASIS,
# WITHOUT WARRANTIES OR CONDITIONS OF ANY KIND, either express or implied.
# See the License for the specific language governing permissions and
# limitations under the License.

# Keep a field in transition that is used to keep a reference to weakly-referenced object
-keepclassmembers class androidx.transition.ChangeBounds$* extends android.animation.AnimatorListenerAdapter {
  androidx.transition.ChangeBounds$ViewBounds mViewBounds;
}

# End of content from transformed/transition-1.2.0/proguard.txt
# The proguard configuration file for the following section is transformed/vectordrawable-animated-1.1.0/proguard.txt
# Copyright (C) 2016 The Android Open Source Project
#
# Licensed under the Apache License, Version 2.0 (the "License");
# you may not use this file except in compliance with the License.
# You may obtain a copy of the License at
#