aldsdk/build/outputs/mapping/release/seeds.txt
com.aldwx.aldsdk.R$id
com.aldwx.aldsdk.R$string
com.aldwx.aldsdk.R
com.aldwx.aldsdk.R$style
com.aldwx.aldsdk.AldDataAPI
com.aldwx.aldsdk.R$color
com.aldwx.aldsdk.R$drawable
com.aldwx.aldsdk.R$layout
com.aldwx.aldsdk.R$mipmap
com.aldwx.aldsdk.R$string: int sensors_analytics_heatmap
com.aldwx.aldsdk.AldDataAPI: java.lang.String appKey
com.aldwx.aldsdk.R$string: int sensors_analytics_remote_fail
com.aldwx.aldsdk.R$string: int sensors_analytics_ad_dialog_starting
com.aldwx.aldsdk.R$string: int sensors_analytics_ad_dialog_activate
com.aldwx.aldsdk.R$string: int sensors_analytics_carrier_tietong
com.aldwx.aldsdk.R$color: int black
com.aldwx.aldsdk.R$string: int sensors_analytics_visual_property_error
com.aldwx.aldsdk.R$id: int sensors_analytics_tag_view_keyboard
com.aldwx.aldsdk.R$string: int sensors_analytics_visual_cache_error
com.aldwx.aldsdk.R$string: int sensors_analytics_heatmap_dialog_error
com.aldwx.aldsdk.R$string: int sensors_analytics_ad_create_link_token_missing
com.aldwx.aldsdk.R$id: int sensors_analytics_debug_mode_message
com.aldwx.aldsdk.R$string: int sensors_analytics_carrier_mobile
com.aldwx.aldsdk.R$string: int sensors_analytics_ad_create_link_no_network
com.aldwx.aldsdk.R$string: int sensors_analytics_ad_channel
com.aldwx.aldsdk.R$string: int sensors_analytics_debug_tip_track
com.aldwx.aldsdk.R$string: int sensors_analytics_visual_wifi_name
com.aldwx.aldsdk.R$string: int sensors_analytics_visual_sa_h5_error_link
com.aldwx.aldsdk.R$color: int white
com.aldwx.aldsdk.R$string: int sensors_analytics_ad_whitelist_request_success
com.aldwx.aldsdk.R$string: int sensors_analytics_ad_create_link_success
com.aldwx.aldsdk.R$id: int sensorsdata_analytics_loading_image1
com.aldwx.aldsdk.R$string: int sensors_analytics_ad_error_whitelist
com.aldwx.aldsdk.R$string: int sensors_analytics_carrier
com.aldwx.aldsdk.R$string: int sensors_analytics_heatmap_network_fail
com.aldwx.aldsdk.R$color: int teal_700
com.aldwx.aldsdk.R$string: int sensors_analytics_ad_whitelist_platform_error
com.aldwx.aldsdk.R$string: int sensors_analytics_ad_error_url
com.aldwx.aldsdk.R$string: int sensors_analytics_visual_switch_error
com.aldwx.aldsdk.R$string: int sensors_analytics_common_continue
com.aldwx.aldsdk.R$string: int sensors_analytics_carrier2
com.aldwx.aldsdk.R$id: int sensors_analytics_debug_mode_only
com.aldwx.aldsdk.R$string: int sensors_analytics_carrier1
com.aldwx.aldsdk.R$string: int sensors_analytics_visual_cache_no_property_error
com.aldwx.aldsdk.AldDataAPI: com.aldwx.aldsdk.TrackProcessor mTrackProcessor
com.aldwx.aldsdk.R$string: int sensors_analytics_carrier_telecom
com.aldwx.aldsdk.R$string: int sensors_analytics_remote_tip_error_network
com.aldwx.aldsdk.R$string: int sensors_analytics_remote_version_tip
com.aldwx.aldsdk.R$string: int sensors_analytics_remote_succeed
com.aldwx.aldsdk.R$string: int sensors_analytics_ad_create_link_channel_name_missing
com.aldwx.aldsdk.R$string: int sensors_analytics_debug_view_title
com.aldwx.aldsdk.R$string: int sensors_analytics_remote_tip_error_os
com.aldwx.aldsdk.R$string: int sensors_analytics_popwindow_fail
com.aldwx.aldsdk.R$string: int sensors_analytics_ad_error_project
com.aldwx.aldsdk.R$string: int sensors_analytics_ad_error_retry
com.aldwx.aldsdk.R$string: int sensors_analytics_debug_tip_only
com.aldwx.aldsdk.R$string: int sensors_analytics_encrypt_verify_fail_version
com.aldwx.aldsdk.R$id: int sensors_analytics_tag_view_id
com.aldwx.aldsdk.R$id: int sensors_analytics_tag_view_properties
com.aldwx.aldsdk.R$id: int sensors_analytics_tag_view_webview_visual
com.aldwx.aldsdk.R$color: int teal_200
com.aldwx.aldsdk.R$string: int sensors_analytics_ad_error_request
com.aldwx.aldsdk.R$string: int sensors_analytics_debug_name_only
com.aldwx.aldsdk.R$id: int sensors_analytics_pairing_code
com.aldwx.aldsdk.R$id: int sensors_analytics_tag_view_ignored
com.aldwx.aldsdk.R$layout: int sensors_analytics_debug_mode_dialog_content
...
com.sensorsdata.analytics.android.sdk.remote.BaseSensorsDataSDKRemoteManager$RandomTimeType: com.sensorsdata.analytics.android.sdk.remote.BaseSensorsDataSDKRemoteManager$RandomTimeType[] values()
com.sensorsdata.analytics.android.sdk.advert.scan.WhiteListScanHelper$1$1: void onAfter()
com.sensorsdata.analytics.android.sdk.AnalyticsMessages: void deleteAll()
com.sensorsdata.analytics.android.sdk.core.SAModuleManager: boolean handlerScanUri(android.app.Activity,android.net.Uri)
com.sensorsdata.analytics.android.sdk.visual.VisualizedAutoTrackService: java.lang.String getDebugInfo()
com.sensorsdata.analytics.android.sdk.advert.SASlinkCreator: SASlinkCreator(java.lang.String,java.lang.String,java.lang.String,java.lang.String)
com.sensorsdata.analytics.android.sdk.plugin.encrypt.SAEncryptStorePlugin: void setLong(java.lang.String,long)
com.sensorsdata.analytics.android.sdk.AnalyticsMessages$Worker$AnalyticsMessageHandler: void handleMessage(android.os.Message)
com.sensorsdata.analytics.android.sdk.util.TimeUtils: java.lang.String formatTime(long,java.lang.String,java.util.Locale)
com.sensorsdata.analytics.android.sdk.network.RealRequest: com.sensorsdata.analytics.android.sdk.network.RealResponse getRealResponse(java.net.HttpURLConnection)
com.sensorsdata.analytics.android.sdk.visual.model.WebNode: void setTagName(java.lang.String)
com.sensorsdata.analytics.android.sdk.visual.VisualDialog: void showOpenVisualizedAutoTrackDialog(android.app.Activity,java.lang.String,java.lang.String)
com.sensorsdata.analytics.android.sdk.encrypt.EncryptUtils: java.lang.String symmetricEncrypt(byte[],byte[],com.sensorsdata.analytics.android.sdk.encrypt.SymmetricEncryptMode)
com.sensorsdata.analytics.android.sdk.visual.snap.Caller: java.lang.Object[] getArgs()
com.sensorsdata.analytics.android.sdk.autotrack.FragmentViewScreenCallbacks: void onCreate(java.lang.Object)
com.sensorsdata.analytics.android.sdk.monitor.SensorsDataLifecycleMonitorManager: void addFragmentLifeCallback(com.sensorsdata.analytics.android.sdk.autotrack.SAFragmentLifecycleCallbacks)
com.sensorsdata.analytics.android.sdk.visual.SAVisualProtocolImpl: void mergeVisualProperties(org.json.JSONObject,com.sensorsdata.analytics.android.sdk.visual.model.ViewNode)
com.sensorsdata.analytics.android.sdk.util.AopUtil: void exceptionCollect(android.view.View)
com.sensorsdata.analytics.android.sdk.ISensorsDataAPI: void trackTimerEnd(java.lang.String,org.json.JSONObject)
com.sensorsdata.analytics.android.sdk.visual.snap.SoftWareCanvas: void drawText(java.lang.String,int,int,float,float,android.graphics.Paint)
com.sensorsdata.analytics.android.sdk.autotrack.FragmentPageLeaveCallbacks$1: void run()
com.sensorsdata.analytics.android.sdk.visual.snap.UIThreadSet: java.util.Set getAll()
com.sensorsdata.analytics.android.sdk.core.business.timer.EventTimer: boolean isPaused()
com.sensorsdata.analytics.android.sdk.advert.SASlinkCreator: com.sensorsdata.analytics.android.sdk.advert.SASlinkCreator setName(java.lang.String)
com.sensorsdata.analytics.android.sdk.util.WindowHelper: void init()
com.sensorsdata.analytics.android.sdk.plugin.property.PropertyPluginManager: void registerPropertyPlugin(com.sensorsdata.analytics.android.sdk.plugin.property.SAPropertyPlugin)
com.sensorsdata.analytics.android.sdk.visual.ViewSnapshot$ClassNameCache: java.lang.Object create(java.lang.Object)
com.sensorsdata.analytics.android.sdk.advert.SASlinkCreator: com.sensorsdata.analytics.android.sdk.advert.SASlinkCreator setUtmSource(java.lang.String)
com.sensorsdata.analytics.android.sdk.network.RequestHelper: void access$200(com.sensorsdata.analytics.android.sdk.network.RequestHelper,java.lang.String,com.sensorsdata.analytics.android.sdk.network.HttpConfig,java.util.Map,java.util.Map,int,com.sensorsdata.analytics.android.sdk.network.HttpCallback)
com.sensorsdata.analytics.android.sdk.util.SAFragmentUtils: boolean isFragmentVisible(java.lang.Object)
com.sensorsdata.analytics.android.sdk.visual.bridge.JSBridgeHelper: JSBridgeHelper()